  Source.cpp
C:\Program Files (x86)\Windows Kits\10\Include\10.0.18362.0\shared\minwindef.h(130,1): warning C4005: 'APIENTRY': macro redefinition
D:\FTW\reqd stuff\glad\include\glad\glad.h(32): message : see previous definition of 'APIENTRY'
D:\FTW\maze\maze\Source.cpp(348,12): warning C4244: 'initializing': conversion from 'double' to 'float', possible loss of data
D:\FTW\maze\maze\Source.cpp(349,11): warning C4244: 'initializing': conversion from 'double' to 'float', possible loss of data
D:\FTW\maze\maze\Source.cpp(349,47): warning C4244: 'initializing': conversion from 'double' to 'float', possible loss of data
D:\FTW\maze\maze\Source.cpp(350,11): warning C4244: 'initializing': conversion from 'double' to 'float', possible loss of data
D:\FTW\maze\maze\Source.cpp(350,47): warning C4244: 'initializing': conversion from 'double' to 'float', possible loss of data
D:\FTW\maze\maze\Source.cpp(351,10): warning C4244: '=': conversion from 'double' to 'float', possible loss of data
D:\FTW\maze\maze\Source.cpp(366,60): warning C4244: 'argument': conversion from 'int' to 'GLfloat', possible loss of data
D:\FTW\maze\maze\Source.cpp(366,57): warning C4244: 'argument': conversion from 'int' to 'GLfloat', possible loss of data
D:\FTW\maze\maze\Source.cpp(366,54): warning C4244: 'argument': conversion from 'int' to 'GLfloat', possible loss of data
D:\FTW\maze\maze\Source.cpp(366,51): warning C4244: 'argument': conversion from 'int' to 'GLfloat', possible loss of data
D:\FTW\maze\maze\Source.cpp(394,24): warning C4267: 'initializing': conversion from 'size_t' to 'int', possible loss of data
D:\FTW\maze\maze\Source.cpp(467,43): warning C4244: 'argument': conversion from 'int' to 'float', possible loss of data
D:\FTW\maze\maze\Source.cpp(467,28): warning C4244: 'argument': conversion from 'int' to 'float', possible loss of data
D:\FTW\maze\maze\Source.cpp(467,18): warning C4244: 'argument': conversion from 'int' to 'float', possible loss of data
D:\FTW\maze\maze\Source.cpp(467,11): warning C4244: 'argument': conversion from 'int' to 'float', possible loss of data
D:\FTW\maze\maze\Source.cpp(469,59): warning C4244: 'argument': conversion from 'int' to 'float', possible loss of data
D:\FTW\maze\maze\Source.cpp(469,47): warning C4244: 'argument': conversion from 'int' to 'float', possible loss of data
D:\FTW\maze\maze\Source.cpp(469,30): warning C4244: 'argument': conversion from 'int' to 'float', possible loss of data
D:\FTW\maze\maze\Source.cpp(469,21): warning C4244: 'argument': conversion from 'int' to 'float', possible loss of data
D:\FTW\maze\maze\Source.cpp(471,43): warning C4244: 'argument': conversion from 'int' to 'float', possible loss of data
D:\FTW\maze\maze\Source.cpp(471,28): warning C4244: 'argument': conversion from 'int' to 'float', possible loss of data
D:\FTW\maze\maze\Source.cpp(471,18): warning C4244: 'argument': conversion from 'int' to 'float', possible loss of data
D:\FTW\maze\maze\Source.cpp(471,11): warning C4244: 'argument': conversion from 'int' to 'float', possible loss of data
D:\FTW\maze\maze\Source.cpp(473,64): warning C4244: 'argument': conversion from 'int' to 'float', possible loss of data
D:\FTW\maze\maze\Source.cpp(473,47): warning C4244: 'argument': conversion from 'int' to 'float', possible loss of data
D:\FTW\maze\maze\Source.cpp(473,30): warning C4244: 'argument': conversion from 'int' to 'float', possible loss of data
D:\FTW\maze\maze\Source.cpp(473,21): warning C4244: 'argument': conversion from 'int' to 'float', possible loss of data
D:\FTW\maze\maze\Source.cpp(475,55): warning C4244: 'argument': conversion from 'int' to 'float', possible loss of data
D:\FTW\maze\maze\Source.cpp(475,42): warning C4244: 'argument': conversion from 'int' to 'float', possible loss of data
D:\FTW\maze\maze\Source.cpp(475,24): warning C4244: 'argument': conversion from 'int' to 'float', possible loss of data
D:\FTW\maze\maze\Source.cpp(475,14): warning C4244: 'argument': conversion from 'int' to 'float', possible loss of data
D:\FTW\maze\maze\Source.cpp(476,79): warning C4244: 'argument': conversion from 'int' to 'float', possible loss of data
D:\FTW\maze\maze\Source.cpp(476,59): warning C4244: 'argument': conversion from 'int' to 'float', possible loss of data
D:\FTW\maze\maze\Source.cpp(476,41): warning C4244: 'argument': conversion from 'int' to 'float', possible loss of data
D:\FTW\maze\maze\Source.cpp(476,29): warning C4244: 'argument': conversion from 'int' to 'float', possible loss of data
D:\FTW\maze\maze\Source.cpp(868,35): warning C4244: 'argument': conversion from 'int' to 'float', possible loss of data
D:\FTW\maze\maze\Source.cpp(868,21): warning C4244: 'argument': conversion from 'int' to 'float', possible loss of data
D:\FTW\maze\maze\Source.cpp(929,35): warning C4244: 'argument': conversion from 'int' to 'float', possible loss of data
D:\FTW\maze\maze\Source.cpp(929,21): warning C4244: 'argument': conversion from 'int' to 'float', possible loss of data
D:\FTW\maze\maze\Source.cpp(514,6): warning C4101: 'pcx': unreferenced local variable
D:\FTW\maze\maze\Source.cpp(514,11): warning C4101: 'pcy': unreferenced local variable
D:\FTW\maze\maze\Source.cpp(518,9): warning C4101: 'j': unreferenced local variable
D:\FTW\maze\maze\Source.cpp(1059,35): warning C4244: 'argument': conversion from 'int' to 'float', possible loss of data
D:\FTW\maze\maze\Source.cpp(1059,21): warning C4244: 'argument': conversion from 'int' to 'float', possible loss of data
D:\FTW\maze\maze\Source.cpp(948,23): warning C4101: 't2': unreferenced local variable
D:\FTW\maze\maze\Source.cpp(1108,10): warning C4244: '=': conversion from 'double' to 'int', possible loss of data
D:\FTW\maze\maze\Source.cpp(1109,10): warning C4244: '=': conversion from 'double' to 'int', possible loss of data
D:\FTW\maze\maze\Source.cpp(1133,10): warning C4244: '=': conversion from 'double' to 'int', possible loss of data
D:\FTW\maze\maze\Source.cpp(1134,10): warning C4244: '=': conversion from 'double' to 'int', possible loss of data
D:\FTW\maze\maze\Source.cpp(1344,16): warning C4101: 'tex': unreferenced local variable
  maze.vcxproj -> D:\FTW\maze\x64\Debug\maze.exe
